Start testing: Feb 25 16:16 Central European Standard Time
----------------------------------------------------------
1/10 Testing: bookmap_test
1/10 Test: bookmap_test
Command: "D:/work/Projects/Analyze_Legacy_Trading_Engine/cpp_orderbook/build/bookmap_test.exe"
Directory: D:/work/Projects/Analyze_Legacy_Trading_Engine/cpp_orderbook/build
"bookmap_test" start time: Feb 25 16:16 Central European Standard Time
Output:
----------------------------------------------------------
Running 2 test cases...

*** No errors detected
<end of output>
Test time =   0.03 sec
----------------------------------------------------------
Test Passed.
"bookmap_test" end time: Feb 25 16:16 Central European Standard Time
"bookmap_test" time elapsed: 00:00:00
----------------------------------------------------------

2/10 Testing: exchange_test
2/10 Test: exchange_test
Command: "D:/work/Projects/Analyze_Legacy_Trading_Engine/cpp_orderbook/build/exchange_test.exe"
Directory: D:/work/Projects/Analyze_Legacy_Trading_Engine/cpp_orderbook/build
"exchange_test" start time: Feb 25 16:16 Central European Standard Time
Output:
----------------------------------------------------------
Running 14 test cases...
unknown location(0): fatal error: in "insertOrder_buy": stack overflow
D:/work/Projects/Analyze_Legacy_Trading_Engine/cpp_orderbook/exchange_test.cpp(18): last checkpoint: "insertOrder_buy" test entry

*** 1 failure is detected in the test module "exchange"
<end of output>
Test time =   0.03 sec
----------------------------------------------------------
Test Failed.
"exchange_test" end time: Feb 25 16:16 Central European Standard Time
"exchange_test" time elapsed: 00:00:00
----------------------------------------------------------

3/10 Testing: order_test
3/10 Test: order_test
Command: "D:/work/Projects/Analyze_Legacy_Trading_Engine/cpp_orderbook/build/order_test.exe"
Directory: D:/work/Projects/Analyze_Legacy_Trading_Engine/cpp_orderbook/build
"order_test" start time: Feb 25 16:16 Central European Standard Time
Output:
----------------------------------------------------------
Running 1 test case...

*** No errors detected
<end of output>
Test time =   0.04 sec
----------------------------------------------------------
Test Passed.
"order_test" end time: Feb 25 16:16 Central European Standard Time
"order_test" time elapsed: 00:00:00
----------------------------------------------------------

4/10 Testing: orderbook_test
4/10 Test: orderbook_test
Command: "D:/work/Projects/Analyze_Legacy_Trading_Engine/cpp_orderbook/build/orderbook_test.exe"
Directory: D:/work/Projects/Analyze_Legacy_Trading_Engine/cpp_orderbook/build
"orderbook_test" start time: Feb 25 16:16 Central European Standard Time
Output:
----------------------------------------------------------
Running 8 test cases...
D:/work/Projects/Analyze_Legacy_Trading_Engine/cpp_orderbook/orderbook_test.cpp(31): error: in "orderbook_cancel": check book.bids.size()==2 has failed [0 != 2]
unknown location(0): fatal error: in "orderbook_cancel": memory access violation
D:/work/Projects/Analyze_Legacy_Trading_Engine/cpp_orderbook/orderbook_test.cpp(32): last checkpoint

*** 2 failures are detected in the test module "orderbook"
<end of output>
Test time =   0.05 sec
----------------------------------------------------------
Test Failed.
"orderbook_test" end time: Feb 25 16:16 Central European Standard Time
"orderbook_test" time elapsed: 00:00:00
----------------------------------------------------------

5/10 Testing: orderlist_test
5/10 Test: orderlist_test
Command: "D:/work/Projects/Analyze_Legacy_Trading_Engine/cpp_orderbook/build/orderlist_test.exe"
Directory: D:/work/Projects/Analyze_Legacy_Trading_Engine/cpp_orderbook/build
"orderlist_test" start time: Feb 25 16:16 Central European Standard Time
Output:
----------------------------------------------------------
Running 2 test cases...

*** No errors detected
<end of output>
Test time =   0.07 sec
----------------------------------------------------------
Test Passed.
"orderlist_test" end time: Feb 25 16:16 Central European Standard Time
"orderlist_test" time elapsed: 00:00:00
----------------------------------------------------------

6/10 Testing: ordermap_test
6/10 Test: ordermap_test
Command: "D:/work/Projects/Analyze_Legacy_Trading_Engine/cpp_orderbook/build/ordermap_test.exe"
Directory: D:/work/Projects/Analyze_Legacy_Trading_Engine/cpp_orderbook/build
"ordermap_test" start time: Feb 25 16:16 Central European Standard Time
Output:
----------------------------------------------------------
Running 1 test case...
unknown location(0): fatal error: in "ordermap_basic": stack overflow
D:/work/Projects/Analyze_Legacy_Trading_Engine/cpp_orderbook/ordermap_test.cpp(7): last checkpoint: "ordermap_basic" test entry

*** 1 failure is detected in the test module "ordermap"
<end of output>
Test time =   0.04 sec
----------------------------------------------------------
Test Failed.
"ordermap_test" end time: Feb 25 16:16 Central European Standard Time
"ordermap_test" time elapsed: 00:00:00
----------------------------------------------------------

7/10 Testing: spinlock_test
7/10 Test: spinlock_test
Command: "D:/work/Projects/Analyze_Legacy_Trading_Engine/cpp_orderbook/build/spinlock_test.exe"
Directory: D:/work/Projects/Analyze_Legacy_Trading_Engine/cpp_orderbook/build
"spinlock_test" start time: Feb 25 16:16 Central European Standard Time
Output:
----------------------------------------------------------
Running 2 test cases...

*** No errors detected
<end of output>
Test time =   0.18 sec
----------------------------------------------------------
Test Passed.
"spinlock_test" end time: Feb 25 16:16 Central European Standard Time
"spinlock_test" time elapsed: 00:00:00
----------------------------------------------------------

8/10 Testing: fixed_test
8/10 Test: fixed_test
Command: "D:/work/Projects/Analyze_Legacy_Trading_Engine/cpp_orderbook/build/fixed_test.exe"
Directory: D:/work/Projects/Analyze_Legacy_Trading_Engine/cpp_orderbook/build
"fixed_test" start time: Feb 25 16:16 Central European Standard Time
Output:
----------------------------------------------------------
Running 12 test cases...
D:/work/Projects/Analyze_Legacy_Trading_Engine/cpp_fixed/fixed_test.cpp(20): error: in "fixed_string_view": check std::string(Fixed(std::string("123.456").substr(0,4)))=="123.4" has failed [123 != 123.4]
D:/work/Projects/Analyze_Legacy_Trading_Engine/cpp_fixed/fixed_test.cpp(24): error: in "exponent": check std::string(Fixed("1.0E1"))=="10" has failed [1 != 10]
D:/work/Projects/Analyze_Legacy_Trading_Engine/cpp_fixed/fixed_test.cpp(25): error: in "exponent": check std::string(Fixed("1.0E-1"))=="0.1" has failed [1 != 0.1]
D:/work/Projects/Analyze_Legacy_Trading_Engine/cpp_fixed/fixed_test.cpp(26): error: in "exponent": check std::string(Fixed("1.2345E4"))=="12345" has failed [1.2345 != 12345]
D:/work/Projects/Analyze_Legacy_Trading_Engine/cpp_fixed/fixed_test.cpp(27): error: in "exponent": check std::string(Fixed("1.2345e4"))=="12345" has failed [1.2345 != 12345]

*** 5 failures are detected in the test module "fixed"
<end of output>
Test time =   0.03 sec
----------------------------------------------------------
Test Failed.
"fixed_test" end time: Feb 25 16:16 Central European Standard Time
"fixed_test" time elapsed: 00:00:00
----------------------------------------------------------

9/10 Testing: benchmark_test
9/10 Test: benchmark_test
Command: "D:/work/Projects/Analyze_Legacy_Trading_Engine/cpp_orderbook/build/benchmark_test.exe"
Directory: D:/work/Projects/Analyze_Legacy_Trading_Engine/cpp_orderbook/build
"benchmark_test" start time: Feb 25 16:16 Central European Standard Time
Output:
----------------------------------------------------------
<end of output>
Test time =   8.07 sec
----------------------------------------------------------
Test Failed.
"benchmark_test" end time: Feb 25 16:16 Central European Standard Time
"benchmark_test" time elapsed: 00:00:08
----------------------------------------------------------

